[0m2021.08.31 00:46:17 INFO  Started: Metals version 0.10.5 in workspace '/home/stargazermiao/workspace/datalog/radlog' for client Visual Studio Code 1.59.1.[0m
[0m2021.08.31 00:46:18 INFO  time: initialize in 0.35s[0m
[0m2021.08.31 00:46:18 WARN  Build server is not auto-connectable.[0m
[0m2021.08.31 00:48:45 INFO  shutting down Metals[0m
[0m2021.08.31 00:48:46 ERROR Unexpected error initializing server
org.eclipse.lsp4j.jsonrpc.ResponseErrorException: Request window/showMessageRequest failed with message: Canceled
	at org.eclipse.lsp4j.jsonrpc.RemoteEndpoint.handleResponse(RemoteEndpoint.java:209)
	at org.eclipse.lsp4j.jsonrpc.RemoteEndpoint.consume(RemoteEndpoint.java:193)
	at org.eclipse.lsp4j.jsonrpc.json.StreamMessageProducer.handleMessage(StreamMessageProducer.java:194)
	at org.eclipse.lsp4j.jsonrpc.json.StreamMessageProducer.listen(StreamMessageProducer.java:94)
	at org.eclipse.lsp4j.jsonrpc.json.ConcurrentMessageProcessor.run(ConcurrentMessageProcessor.java:113)
	at java.util.concurrent.Executors$RunnableAdapter.call(Executors.java:511)
	at java.util.concurrent.FutureTask.run(FutureTask.java:266)
	at java.util.concurrent.ThreadPoolExecutor.runWorker(ThreadPoolExecutor.java:1149)
	at java.util.concurrent.ThreadPoolExecutor$Worker.run(ThreadPoolExecutor.java:624)
	at java.lang.Thread.run(Thread.java:748)
[0m
[0m2021.08.31 00:49:26 INFO  Started: Metals version 0.10.5 in workspace '/home/stargazermiao/workspace/datalog/radlog' for client Visual Studio Code 1.59.1.[0m
[0m2021.08.31 00:49:26 INFO  time: initialize in 0.34s[0m
[0m2021.08.31 00:49:26 WARN  Build server is not auto-connectable.[0m
[0m2021.08.31 00:49:32 WARN  Unsupported sbt version 0.13.11[0m
Aug 31, 2021 12:55:54 AM org.eclipse.lsp4j.jsonrpc.services.GenericEndpoint notify
INFO: Unsupported notification method: $/setTrace
[0m2021.08.31 00:57:17 WARN  no build target for: /home/stargazermiao/workspace/datalog/radlog/sql/hive/src/main/scala/org/apache/spark/sql/hive/client/IsolatedClientLoader.scala[0m
[0m2021.08.31 00:57:20 INFO  no build target: using presentation compiler with only scala-library: 2.12.14[0m
[0m2021.08.31 00:57:21 INFO  time: code lens generation in 4.16s[0m
[0m2021.08.31 01:30:05 WARN  no build target for: /home/stargazermiao/workspace/datalog/radlog/datalog/src/main/scala/edu/ucla/cs/wis/bigdatalog/spark/library/kddlog/LloydClustering.scala[0m
[0m2021.08.31 01:57:17 WARN  no build target for: /home/stargazermiao/workspace/datalog/radlog/datalog/src/main/scala/edu/ucla/cs/wis/bigdatalog/spark/library/kddlog/LloydClustering.scala[0m
[0m2021.08.31 01:58:22 WARN  no build target for: /home/stargazermiao/workspace/datalog/radlog/datalog/src/main/scala/edu/ucla/cs/wis/bigdatalog/spark/library/kddlog/LloydClustering.scala[0m
[0m2021.08.31 02:02:07 WARN  no build target for: /home/stargazermiao/workspace/datalog/radlog/datalog/src/main/scala/edu/ucla/cs/wis/bigdatalog/spark/library/kddlog/FrequentItemset.scala[0m
[0m2021.08.31 02:02:09 WARN  no build target for: /home/stargazermiao/workspace/datalog/radlog/datalog/src/main/scala/edu/ucla/cs/wis/bigdatalog/spark/library/kddlog/DecisionTree.scala[0m
[0m2021.08.31 02:02:10 WARN  no build target for: /home/stargazermiao/workspace/datalog/radlog/datalog/src/main/scala/edu/ucla/cs/wis/bigdatalog/spark/library/kddlog/LloydClustering.scala[0m
[0m2021.08.31 02:02:13 WARN  no build target for: /home/stargazermiao/workspace/datalog/radlog/datalog/src/main/scala/edu/ucla/cs/wis/bigdatalog/spark/InfoLogger.scala[0m
[0m2021.08.31 02:03:53 WARN  no build target for: /home/stargazermiao/workspace/datalog/radlog/datalog/src/main/scala/edu/ucla/cs/wis/bigdatalog/spark/library/kddlog/LloydClustering.scala[0m
[0m2021.08.31 02:08:06 WARN  no build target for: /home/stargazermiao/workspace/datalog/radlog/datalog/src/main/scala/edu/ucla/cs/wis/bigdatalog/spark/test/tests.scala[0m
[0m2021.08.31 13:23:30 INFO  shutting down Metals[0m
[0m2021.08.31 14:43:44 INFO  Started: Metals version 0.10.5 in workspace '/home/stargazermiao/workspace/datalog/radlog' for client Visual Studio Code 1.59.1.[0m
[0m2021.08.31 14:43:45 INFO  time: initialize in 0.47s[0m
[0m2021.08.31 14:43:45 WARN  Build server is not auto-connectable.[0m
[0m2021.08.31 14:43:45 WARN  no build target for: /home/stargazermiao/workspace/datalog/radlog/datalog/src/main/scala/edu/ucla/cs/wis/bigdatalog/spark/test/tests.scala[0m
[0m2021.08.31 14:43:46 INFO  skipping build import with status 'Requested'[0m
[0m2021.08.31 14:43:48 INFO  no build target: using presentation compiler with only scala-library: 2.12.14[0m
[0m2021.08.31 14:43:49 INFO  time: code lens generation in 3.91s[0m
[0m2021.08.31 14:43:57 INFO  shutting down Metals[0m
[0m2021.09.01 11:46:07 INFO  Started: Metals version 0.10.5 in workspace '/home/stargazermiao/workspace/datalog/radlog' for client Visual Studio Code 1.59.1.[0m
[0m2021.09.01 11:46:07 INFO  time: initialize in 0.35s[0m
[0m2021.09.01 11:46:07 WARN  Build server is not auto-connectable.[0m
[0m2021.09.01 11:46:08 INFO  skipping build import with status 'Requested'[0m
[0m2021.09.01 13:05:26 WARN  no build target for: /home/stargazermiao/workspace/datalog/radlog/project/SparkBuild.scala[0m
[0m2021.09.01 13:05:29 INFO  no build target: using presentation compiler with only scala-library: 2.12.14[0m
Sep 01, 2021 1:05:32 PM scala.meta.internal.pc.CompilerAccess handleError
SEVERE: unsupported signature: class scala.meta.internal.semanticdb.Signature$Empty$ Empty
java.lang.RuntimeException: unsupported signature: class scala.meta.internal.semanticdb.Signature$Empty$ Empty
	at scala.sys.package$.error(package.scala:30)
	at scala.meta.internal.semanticdb.scalac.SymbolInformationOps$XtensionGSymbolMSymbolInformation.sig(SymbolInformationOps.scala:153)
	at scala.meta.internal.semanticdb.scalac.SymbolInformationOps$XtensionGSymbolMSymbolInformation.toSymbolInformation(SymbolInformationOps.scala:243)
	at scala.meta.internal.semanticdb.scalac.TextDocumentOps$XtensionCompilationUnitDocument$traverser$3$.tryFindMtree(TextDocumentOps.scala:370)
	at scala.meta.internal.semanticdb.scalac.TextDocumentOps$XtensionCompilationUnitDocument$traverser$3$.traverse(TextDocumentOps.scala:678)
	at scala.meta.internal.semanticdb.scalac.TextDocumentOps$XtensionCompilationUnitDocument$traverser$3$.traverse(TextDocumentOps.scala:205)
	at scala.reflect.api.Trees$Traverser.$anonfun$traverseStats$2(Trees.scala:2506)
	at scala.reflect.api.Trees$Traverser.atOwner(Trees.scala:2515)
	at scala.reflect.api.Trees$Traverser.$anonfun$traverseStats$1(Trees.scala:2506)
	at scala.reflect.api.Trees$Traverser.traverseStats(Trees.scala:2505)
	at scala.reflect.internal.Trees.traverseComponents$1(Trees.scala:1296)
	at scala.reflect.internal.Trees.itraverse(Trees.scala:1394)
	at scala.reflect.internal.Trees.itraverse$(Trees.scala:1264)
	at scala.reflect.internal.SymbolTable.itraverse(SymbolTable.scala:28)
	at scala.reflect.internal.SymbolTable.itraverse(SymbolTable.scala:28)
	at scala.reflect.api.Trees$Traverser.traverse(Trees.scala:2483)
	at scala.meta.internal.semanticdb.scalac.TextDocumentOps$XtensionCompilationUnitDocument$traverser$3$.traverse(TextDocumentOps.scala:744)
	at scala.meta.internal.semanticdb.scalac.TextDocumentOps$XtensionCompilationUnitDocument$traverser$3$.traverse(TextDocumentOps.scala:205)
	at scala.reflect.internal.Trees.$anonfun$itraverse$1(Trees.scala:1272)
	at scala.reflect.api.Trees$Traverser.atOwner(Trees.scala:2515)
	at scala.reflect.internal.Trees.traverseMemberDef$1(Trees.scala:1267)
	at scala.reflect.internal.Trees.itraverse(Trees.scala:1391)
	at scala.reflect.internal.Trees.itraverse$(Trees.scala:1264)
	at scala.reflect.internal.SymbolTable.itraverse(SymbolTable.scala:28)
	at scala.reflect.internal.SymbolTable.itraverse(SymbolTable.scala:28)
	at scala.reflect.api.Trees$Traverser.traverse(Trees.scala:2483)
	at scala.meta.internal.semanticdb.scalac.TextDocumentOps$XtensionCompilationUnitDocument$traverser$3$.traverse(TextDocumentOps.scala:744)
	at scala.meta.internal.semanticdb.scalac.TextDocumentOps$XtensionCompilationUnitDocument$traverser$3$.traverse(TextDocumentOps.scala:205)
	at scala.reflect.api.Trees$Traverser.$anonfun$traverseStats$2(Trees.scala:2506)
	at scala.reflect.api.Trees$Traverser.atOwner(Trees.scala:2515)
	at scala.reflect.api.Trees$Traverser.$anonfun$traverseStats$1(Trees.scala:2506)
	at scala.reflect.api.Trees$Traverser.traverseStats(Trees.scala:2505)
	at scala.reflect.internal.Trees.itraverse(Trees.scala:1390)
	at scala.reflect.internal.Trees.itraverse$(Trees.scala:1264)
	at scala.reflect.internal.SymbolTable.itraverse(SymbolTable.scala:28)
	at scala.reflect.internal.SymbolTable.itraverse(SymbolTable.scala:28)
	at scala.reflect.api.Trees$Traverser.traverse(Trees.scala:2483)
	at scala.meta.internal.semanticdb.scalac.TextDocumentOps$XtensionCompilationUnitDocument$traverser$3$.traverse(TextDocumentOps.scala:744)
	at scala.meta.internal.semanticdb.scalac.TextDocumentOps$XtensionCompilationUnitDocument.toTextDocument(TextDocumentOps.scala:747)
	at scala.meta.internal.pc.SemanticdbTextDocumentProvider.textDocument(SemanticdbTextDocumentProvider.scala:51)

Sep 01, 2021 1:05:32 PM scala.meta.internal.pc.CompilerAccess handleError
SEVERE: unsupported signature: class scala.meta.internal.semanticdb.Signature$Empty$ Empty
java.lang.RuntimeException: unsupported signature: class scala.meta.internal.semanticdb.Signature$Empty$ Empty
	at scala.sys.package$.error(package.scala:30)
	at scala.meta.internal.semanticdb.scalac.SymbolInformationOps$XtensionGSymbolMSymbolInformation.sig(SymbolInformationOps.scala:153)
	at scala.meta.internal.semanticdb.scalac.SymbolInformationOps$XtensionGSymbolMSymbolInformation.toSymbolInformation(SymbolInformationOps.scala:243)
	at scala.meta.internal.semanticdb.scalac.TextDocumentOps$XtensionCompilationUnitDocument$traverser$3$.tryFindMtree(TextDocumentOps.scala:370)
	at scala.meta.internal.semanticdb.scalac.TextDocumentOps$XtensionCompilationUnitDocument$traverser$3$.traverse(TextDocumentOps.scala:678)
	at scala.meta.internal.semanticdb.scalac.TextDocumentOps$XtensionCompilationUnitDocument$traverser$3$.traverse(TextDocumentOps.scala:205)
	at scala.reflect.api.Trees$Traverser.$anonfun$traverseStats$2(Trees.scala:2506)
	at scala.reflect.api.Trees$Traverser.atOwner(Trees.scala:2515)
	at scala.reflect.api.Trees$Traverser.$anonfun$traverseStats$1(Trees.scala:2506)
	at scala.reflect.api.Trees$Traverser.traverseStats(Trees.scala:2505)
	at scala.reflect.internal.Trees.traverseComponents$1(Trees.scala:1296)
	at scala.reflect.internal.Trees.itraverse(Trees.scala:1394)
	at scala.reflect.internal.Trees.itraverse$(Trees.scala:1264)
	at scala.reflect.internal.SymbolTable.itraverse(SymbolTable.scala:28)
	at scala.reflect.internal.SymbolTable.itraverse(SymbolTable.scala:28)
	at scala.reflect.api.Trees$Traverser.traverse(Trees.scala:2483)
	at scala.meta.internal.semanticdb.scalac.TextDocumentOps$XtensionCompilationUnitDocument$traverser$3$.traverse(TextDocumentOps.scala:744)
	at scala.meta.internal.semanticdb.scalac.TextDocumentOps$XtensionCompilationUnitDocument$traverser$3$.traverse(TextDocumentOps.scala:205)
	at scala.reflect.internal.Trees.$anonfun$itraverse$1(Trees.scala:1272)
	at scala.reflect.api.Trees$Traverser.atOwner(Trees.scala:2515)
	at scala.reflect.internal.Trees.traverseMemberDef$1(Trees.scala:1267)
	at scala.reflect.internal.Trees.itraverse(Trees.scala:1391)
	at scala.reflect.internal.Trees.itraverse$(Trees.scala:1264)
	at scala.reflect.internal.SymbolTable.itraverse(SymbolTable.scala:28)
	at scala.reflect.internal.SymbolTable.itraverse(SymbolTable.scala:28)
	at scala.reflect.api.Trees$Traverser.traverse(Trees.scala:2483)
	at scala.meta.internal.semanticdb.scalac.TextDocumentOps$XtensionCompilationUnitDocument$traverser$3$.traverse(TextDocumentOps.scala:744)
	at scala.meta.internal.semanticdb.scalac.TextDocumentOps$XtensionCompilationUnitDocument$traverser$3$.traverse(TextDocumentOps.scala:205)
	at scala.reflect.api.Trees$Traverser.$anonfun$traverseStats$2(Trees.scala:2506)
	at scala.reflect.api.Trees$Traverser.atOwner(Trees.scala:2515)
	at scala.reflect.api.Trees$Traverser.$anonfun$traverseStats$1(Trees.scala:2506)
	at scala.reflect.api.Trees$Traverser.traverseStats(Trees.scala:2505)
	at scala.reflect.internal.Trees.itraverse(Trees.scala:1390)
	at scala.reflect.internal.Trees.itraverse$(Trees.scala:1264)
	at scala.reflect.internal.SymbolTable.itraverse(SymbolTable.scala:28)
	at scala.reflect.internal.SymbolTable.itraverse(SymbolTable.scala:28)
	at scala.reflect.api.Trees$Traverser.traverse(Trees.scala:2483)
	at scala.meta.internal.semanticdb.scalac.TextDocumentOps$XtensionCompilationUnitDocument$traverser$3$.traverse(TextDocumentOps.scala:744)
	at scala.meta.internal.semanticdb.scalac.TextDocumentOps$XtensionCompilationUnitDocument.toTextDocument(TextDocumentOps.scala:747)
	at scala.meta.internal.pc.SemanticdbTextDocumentProvider.textDocument(SemanticdbTextDocumentProvider.scala:51)

Sep 01, 2021 1:05:33 PM scala.meta.internal.pc.CompilerAccess handleError
SEVERE: unsupported signature: class scala.meta.internal.semanticdb.Signature$Empty$ Empty
java.lang.RuntimeException: unsupported signature: class scala.meta.internal.semanticdb.Signature$Empty$ Empty
	at scala.sys.package$.error(package.scala:30)
	at scala.meta.internal.semanticdb.scalac.SymbolInformationOps$XtensionGSymbolMSymbolInformation.sig(SymbolInformationOps.scala:153)
	at scala.meta.internal.semanticdb.scalac.SymbolInformationOps$XtensionGSymbolMSymbolInformation.toSymbolInformation(SymbolInformationOps.scala:243)
	at scala.meta.internal.semanticdb.scalac.TextDocumentOps$XtensionCompilationUnitDocument$traverser$3$.tryFindMtree(TextDocumentOps.scala:370)
	at scala.meta.internal.semanticdb.scalac.TextDocumentOps$XtensionCompilationUnitDocument$traverser$3$.traverse(TextDocumentOps.scala:678)
	at scala.meta.internal.semanticdb.scalac.TextDocumentOps$XtensionCompilationUnitDocument$traverser$3$.traverse(TextDocumentOps.scala:205)
	at scala.reflect.api.Trees$Traverser.$anonfun$traverseStats$2(Trees.scala:2506)
	at scala.reflect.api.Trees$Traverser.atOwner(Trees.scala:2515)
	at scala.reflect.api.Trees$Traverser.$anonfun$traverseStats$1(Trees.scala:2506)
	at scala.reflect.api.Trees$Traverser.traverseStats(Trees.scala:2505)
	at scala.reflect.internal.Trees.traverseComponents$1(Trees.scala:1296)
	at scala.reflect.internal.Trees.itraverse(Trees.scala:1394)
	at scala.reflect.internal.Trees.itraverse$(Trees.scala:1264)
	at scala.reflect.internal.SymbolTable.itraverse(SymbolTable.scala:28)
	at scala.reflect.internal.SymbolTable.itraverse(SymbolTable.scala:28)
	at scala.reflect.api.Trees$Traverser.traverse(Trees.scala:2483)
	at scala.meta.internal.semanticdb.scalac.TextDocumentOps$XtensionCompilationUnitDocument$traverser$3$.traverse(TextDocumentOps.scala:744)
	at scala.meta.internal.semanticdb.scalac.TextDocumentOps$XtensionCompilationUnitDocument$traverser$3$.traverse(TextDocumentOps.scala:205)
	at scala.reflect.internal.Trees.$anonfun$itraverse$1(Trees.scala:1272)
	at scala.reflect.api.Trees$Traverser.atOwner(Trees.scala:2515)
	at scala.reflect.internal.Trees.traverseMemberDef$1(Trees.scala:1267)
	at scala.reflect.internal.Trees.itraverse(Trees.scala:1391)
	at scala.reflect.internal.Trees.itraverse$(Trees.scala:1264)
	at scala.reflect.internal.SymbolTable.itraverse(SymbolTable.scala:28)
	at scala.reflect.internal.SymbolTable.itraverse(SymbolTable.scala:28)
	at scala.reflect.api.Trees$Traverser.traverse(Trees.scala:2483)
	at scala.meta.internal.semanticdb.scalac.TextDocumentOps$XtensionCompilationUnitDocument$traverser$3$.traverse(TextDocumentOps.scala:744)
	at scala.meta.internal.semanticdb.scalac.TextDocumentOps$XtensionCompilationUnitDocument$traverser$3$.traverse(TextDocumentOps.scala:205)
	at scala.reflect.api.Trees$Traverser.$anonfun$traverseStats$2(Trees.scala:2506)
	at scala.reflect.api.Trees$Traverser.atOwner(Trees.scala:2515)
	at scala.reflect.api.Trees$Traverser.$anonfun$traverseStats$1(Trees.scala:2506)
	at scala.reflect.api.Trees$Traverser.traverseStats(Trees.scala:2505)
	at scala.reflect.internal.Trees.itraverse(Trees.scala:1390)
	at scala.reflect.internal.Trees.itraverse$(Trees.scala:1264)
	at scala.reflect.internal.SymbolTable.itraverse(SymbolTable.scala:28)
	at scala.reflect.internal.SymbolTable.itraverse(SymbolTable.scala:28)
	at scala.reflect.api.Trees$Traverser.traverse(Trees.scala:2483)
	at scala.meta.internal.semanticdb.scalac.TextDocumentOps$XtensionCompilationUnitDocument$traverser$3$.traverse(TextDocumentOps.scala:744)
	at scala.meta.internal.semanticdb.scalac.TextDocumentOps$XtensionCompilationUnitDocument.toTextDocument(TextDocumentOps.scala:747)
	at scala.meta.internal.pc.SemanticdbTextDocumentProvider.textDocument(SemanticdbTextDocumentProvider.scala:51)

[0m2021.09.01 13:05:33 INFO  time: code lens generation in 6.29s[0m
[0m2021.09.01 13:08:06 WARN  no build target for: /home/stargazermiao/workspace/datalog/radlog/datalog/src/main/scala/edu/ucla/cs/wis/bigdatalog/spark/test/tests.scala[0m
[0m2021.09.01 13:11:52 WARN  no build target for: /home/stargazermiao/workspace/datalog/radlog/datalog/src/main/scala/edu/ucla/cs/wis/bigdatalog/spark/test/TestUtil.scala[0m
Sep 01, 2021 1:13:19 PM org.eclipse.lsp4j.jsonrpc.services.GenericEndpoint notify
INFO: Unsupported notification method: $/setTrace
[0m2021.09.01 13:14:32 WARN  no build target for: /home/stargazermiao/workspace/datalog/radlog/datalog/src/main/scala/edu/ucla/cs/wis/bigdatalog/spark/test/tests.scala[0m
Sep 01, 2021 1:15:30 PM org.eclipse.lsp4j.jsonrpc.RemoteEndpoint handleCancellation
WARNING: Unmatched cancel notification for request id 71
[0m2021.09.01 13:23:11 WARN  no build target for: /home/stargazermiao/workspace/datalog/radlog/datalog/src/test/scala/edu/ucla/cs/wis/bigdatalog/spark/TestSuite.scala[0m
[0m2021.09.01 13:25:52 WARN  no build target for: /home/stargazermiao/workspace/datalog/radlog/datalog/src/test/scala/edu/ucla/cs/wis/bigdatalog/spark/TestSuite.scala[0m
[0m2021.09.01 13:32:21 WARN  no build target for: /home/stargazermiao/workspace/datalog/radlog/datalog/src/main/scala/edu/ucla/cs/wis/bigdatalog/spark/test/TestUtil.scala[0m
[0m2021.09.01 13:35:11 WARN  no build target for: /home/stargazermiao/workspace/datalog/radlog/datalog/src/main/scala/edu/ucla/cs/wis/bigdatalog/spark/test/TestUtil.scala[0m
[0m2021.09.01 14:40:11 INFO  Started: Metals version 0.10.5 in workspace '/home/stargazermiao/workspace/datalog/radlog' for client Visual Studio Code 1.59.1.[0m
[0m2021.09.01 14:40:11 INFO  time: initialize in 0.52s[0m
[0m2021.09.01 14:40:15 WARN  Build server is not auto-connectable.[0m
[0m2021.09.01 14:40:15 WARN  no build target for: /home/stargazermiao/workspace/datalog/radlog/datalog/src/main/scala/edu/ucla/cs/wis/bigdatalog/spark/test/TestUtil.scala[0m
[0m2021.09.01 14:40:15 WARN  no build target for: /home/stargazermiao/workspace/datalog/radlog/datalog/src/test/scala/edu/ucla/cs/wis/bigdatalog/spark/TestSuite.scala[0m
[0m2021.09.01 14:40:15 INFO  skipping build import with status 'Requested'[0m
[0m2021.09.01 14:40:18 INFO  no build target: using presentation compiler with only scala-library: 2.12.14[0m
[0m2021.09.01 14:40:21 INFO  time: code lens generation in 5.32s[0m
Sep 01, 2021 2:42:25 PM org.eclipse.lsp4j.jsonrpc.services.GenericEndpoint notify
INFO: Unsupported notification method: $/setTrace
[0m2021.09.01 14:43:45 WARN  no build target for: /home/stargazermiao/workspace/datalog/radlog/datalog/src/test/scala/edu/ucla/cs/wis/bigdatalog/spark/TestSuite.scala[0m
[0m2021.09.01 14:43:45 INFO  shutting down Metals[0m
